Arguments: 
  /home/bs/.nvm/versions/node/v14.19.0/bin/node /home/bs/.nvm/versions/node/v14.19.0/bin/yarn publish

PATH: 
  /home/bs/.nvm/versions/node/v14.19.0/bin:/home/bs/.local/bin:/usr/local/sbin:/usr/local/bin:/usr/sbin:/usr/bin:/sbin:/bin:/usr/games:/usr/local/games:/snap/bin:/snap/bin

Yarn version: 
  1.22.19

Node version: 
  14.19.0

Platform: 
  linux x64

Trace: 
  Error: https://registry.yarnpkg.com/-/user/org.couchdb.user:nikunj-bs: failed to authenticate: Could not authenticate nikunj-bs: bad password
      at Request.params.callback [as _callback] (/home/bs/.nvm/versions/node/v14.19.0/lib/node_modules/yarn/lib/cli.js:66145:18)
      at Request.self.callback (/home/bs/.nvm/versions/node/v14.19.0/lib/node_modules/yarn/lib/cli.js:140890:22)
      at Request.emit (events.js:400:28)
      at Request.<anonymous> (/home/bs/.nvm/versions/node/v14.19.0/lib/node_modules/yarn/lib/cli.js:141862:10)
      at Request.emit (events.js:400:28)
      at IncomingMessage.<anonymous> (/home/bs/.nvm/versions/node/v14.19.0/lib/node_modules/yarn/lib/cli.js:141784:12)
      at Object.onceWrapper (events.js:519:28)
      at IncomingMessage.emit (events.js:412:35)
      at endReadableNT (internal/streams/readable.js:1334:12)
      at processTicksAndRejections (internal/process/task_queues.js:82:21)

npm manifest: 
  {
      "name": "@types/passport-latest-windowsauth",
      "version": "1.0.0",
      "description": "TypeScript definitions for passport-latest-windowsauth",
      "homepage": "https://github.com/DefinitelyTyped/DefinitelyTyped/tree/master/types/passport-latest-windowsauth",
      "license": "MIT",
      "contributors": [
          {
              "name": "Nikunj",
              "url": "https://github.com/Nikunj-bs",
              "githubUsername": "Nikunj-bs"
          }
      ],
      "main": "",
      "types": "index.d.ts",
      "repository": {
          "type": "git",
          "url": "https://github.com/DefinitelyTyped/DefinitelyTyped.git",
          "directory": "types/passport-latest-windowsauth"
      },
      "scripts": {},
      "dependencies": {
          "@types/express": "*",
          "@types/ldapjs": "*",
          "@types/passport": "*"
      },
      "typesPublisherContentHash": "4267d48028a7ce494c24bf7fc04b06fdba1b5d1537161a158ec41eab1e46b038",
      "typeScriptVersion": "3.6"
  }

yarn manifest: 
  No manifest

Lockfile: 
  No lockfile
